Using pre-set license
Built from '2020.3/release' branch; Version is '2020.3.2f1 (8fd9074bf66c) revision 9427207'; Using compiler version '192528614'; Build Type 'Release'
OS: 'Windows 10 Home; OS build 19043.1645; Version 2009; 64bit' Language: 'ru' Physical Memory: 8029 MB
BatchMode: 1, IsHumanControllingUs: 0, StartBugReporterOnCrash: 0, Is64bit: 1, IsPro: 0

 COMMAND LINE ARGUMENTS:
D:\Programs\unity\Hub\Editor\2020.3.2f1\Editor\Unity.exe
-adb2
-batchMode
-noUpm
-name
AssetImportWorker0
-projectPath
D:/Unity/Color Mixer Concept
-logFile
Logs/AssetImportWorker0.log
-srvPort
63109
Successfully changed project path to: D:/Unity/Color Mixer Concept
D:/Unity/Color Mixer Concept
Using Asset Import Pipeline V2.
Refreshing native plugins compatible for Editor in 29.48 ms, found 0 plugins.
Preloading 0 native plugins for Editor in 0.00 ms.
Initialize engine version: 2020.3.2f1 (8fd9074bf66c)
[Subsystems] Discovering subsystems at path D:/Programs/unity/Hub/Editor/2020.3.2f1/Editor/Data/Resources/UnitySubsystems
[Subsystems] Discovering subsystems at path D:/Unity/Color Mixer Concept/Assets
GfxDevice: creating device client; threaded=0
Direct3D:
    Version:  Direct3D 11.0 [level 11.1]
    Renderer: NVIDIA GeForce GTX 1050 (ID=0x1c91)
    Vendor:   
    VRAM:     2996 MB
    Driver:   27.21.14.5167
Initialize mono
Mono path[0] = 'D:/Programs/unity/Hub/Editor/2020.3.2f1/Editor/Data/Managed'
Mono path[1] = 'D:/Programs/unity/Hub/Editor/2020.3.2f1/Editor/Data/MonoBleedingEdge/lib/mono/unityjit'
Mono config path = 'D:/Programs/unity/Hub/Editor/2020.3.2f1/Editor/Data/MonoBleedingEdge/etc'
Using monoOptions --debugger-agent=transport=dt_socket,embedding=1,server=y,suspend=n,address=127.0.0.1:56464
Begin MonoManager ReloadAssembly
Registering precompiled unity dll's ...
Register platform support module: D:/Programs/unity/Hub/Editor/2020.3.2f1/Editor/Data/PlaybackEngines/WindowsStandaloneSupport/UnityEditor.WindowsStandalone.Extensions.dll
Registered in 0.001845 seconds.
Native extension for WindowsStandalone target not found
Refreshing native plugins compatible for Editor in 42.71 ms, found 0 plugins.
Preloading 0 native plugins for Editor in 0.00 ms.
Invoked RoslynAnalysisRunner static constructor.
RoslynAnalysisRunner will not be running.
RoslynAnalysisRunner has terminated.
Mono: successfully reloaded assembly
- Completed reload, in  2.456 seconds
Platform modules already initialized, skipping
Registering precompiled user dll's ...
Registered in 0.002371 seconds.
Begin MonoManager ReloadAssembly
Native extension for WindowsStandalone target not found
Refreshing native plugins compatible for Editor in 0.50 ms, found 0 plugins.
Preloading 0 native plugins for Editor in 0.00 ms.
Invoked RoslynAnalysisRunner static constructor.
RoslynAnalysisRunner will not be running.
RoslynAnalysisRunner has terminated.
Mono: successfully reloaded assembly
- Completed reload, in  1.490 seconds
Platform modules already initialized, skipping
========================================================================
Worker process is ready to serve import requests
Launched and connected shader compiler UnityShaderCompiler.exe after 0.07 seconds
Refreshing native plugins compatible for Editor in 0.26 ms, found 0 plugins.
Preloading 0 native plugins for Editor in 0.00 ms.
Unloading 1140 Unused Serialized files (Serialized files now loaded: 0)
System memory in use before: 58.4 MB.
System memory in use after: 58.5 MB.

Unloading 12 unused Assets to reduce memory usage. Loaded Objects now: 1587.
Total: 1.934800 ms (FindLiveObjects: 0.149100 ms CreateObjectMapping: 0.046000 ms MarkObjects: 1.651700 ms  DeleteObjects: 0.087200 ms)

========================================================================
Received Import Request.
  path: Assets/Blender/Scripts/Mixator.cs
  artifactKey: Guid(0b14afa8b2009a148af1c73fa6c1121a) Importer(815301076,1909f56bfc062723c751e8b465ee728b)
Start importing Assets/Blender/Scripts/Mixator.cs using Guid(0b14afa8b2009a148af1c73fa6c1121a) Importer(815301076,1909f56bfc062723c751e8b465ee728b)  -> (artifact id: '423787ea3ec0a98847b3de716e4b0c19') in 0.041647 seconds
  Import took 0.044972 seconds .

========================================================================
Received Import Request.
  Time since last request: 11.745690 seconds.
  path: Assets/Blender/Scripts/Mixator.cs
  artifactKey: Guid(0b14afa8b2009a148af1c73fa6c1121a) Importer(815301076,1909f56bfc062723c751e8b465ee728b)
Start importing Assets/Blender/Scripts/Mixator.cs using Guid(0b14afa8b2009a148af1c73fa6c1121a) Importer(815301076,1909f56bfc062723c751e8b465ee728b)  -> (artifact id: 'c7b29346c7bd4580228bd01598ea7558') in 0.002484 seconds
  Import took 0.006284 seconds .

========================================================================
Received Import Request.
  Time since last request: 2.510374 seconds.
  path: Assets/Blender/Scripts/Mixator.cs
  artifactKey: Guid(0b14afa8b2009a148af1c73fa6c1121a) Importer(815301076,1909f56bfc062723c751e8b465ee728b)
Start importing Assets/Blender/Scripts/Mixator.cs using Guid(0b14afa8b2009a148af1c73fa6c1121a) Importer(815301076,1909f56bfc062723c751e8b465ee728b)  -> (artifact id: 'fcee38b404c01332f41ac54e62b95179') in 0.004327 seconds
  Import took 0.045473 seconds .

========================================================================
Received Prepare
Registering precompiled user dll's ...
Registered in 0.001363 seconds.
Begin MonoManager ReloadAssembly
Native extension for WindowsStandalone target not found
Refreshing native plugins compatible for Editor in 0.27 ms, found 0 plugins.
Preloading 0 native plugins for Editor in 0.00 ms.
Invoked RoslynAnalysisRunner static constructor.
RoslynAnalysisRunner will not be running.
RoslynAnalysisRunner has terminated.
Mono: successfully reloaded assembly
- Completed reload, in  0.843 seconds
Platform modules already initialized, skipping
Switching build target platform(5) subTarget(0) extendedPlatform(0) -> platform(13) subTarget(537395200) extendedPlatform(0)
Refreshing native plugins compatible for Editor in 0.24 ms, found 0 plugins.
Preloading 0 native plugins for Editor in 0.00 ms.
Unloading 1138 Unused Serialized files (Serialized files now loaded: 0)
System memory in use before: 58.3 MB.
System memory in use after: 58.3 MB.

Unloading 7 unused Assets to reduce memory usage. Loaded Objects now: 1590.
Total: 2.171700 ms (FindLiveObjects: 0.219000 ms CreateObjectMapping: 0.068200 ms MarkObjects: 1.808700 ms  DeleteObjects: 0.074300 ms)

AssetImportParameters requested are different than current active one (requested -> active):
  custom:graphics/normal-map-encoding: 01000000000000000000000000000000 -> 02000000000000000000000000000000
========================================================================
Received Prepare
Refreshing native plugins compatible for Editor in 0.94 ms, found 0 plugins.
Preloading 0 native plugins for Editor in 0.00 ms.
Unloading 5 Unused Serialized files (Serialized files now loaded: 0)
System memory in use before: 35.9 MB.
System memory in use after: 36.0 MB.

Unloading 5 unused Assets to reduce memory usage. Loaded Objects now: 1590.
Total: 1.858700 ms (FindLiveObjects: 0.184700 ms CreateObjectMapping: 0.051900 ms MarkObjects: 1.566500 ms  DeleteObjects: 0.054400 ms)

AssetImportWorkerClient::OnTransportError - code=2 error=End of file
